[2023-10-03 13:27:38] (ERROR @ /var/www/html/core/src/Revolution/modCacheManager.php : 122) Resource URI  already exists for resource id = 1; skipping duplicate resource URI for resource id = 2
[2023-10-03 13:29:08] (ERROR @ /var/www/html/core/src/Revolution/modCacheManager.php : 122) Resource URI  already exists for resource id = 1; skipping duplicate resource URI for resource id = 2
[2023-10-03 13:29:08] (ERROR @ /var/www/html/core/src/Revolution/modCacheManager.php : 122) Resource URI  already exists for resource id = 1; skipping duplicate resource URI for resource id = 2
[2023-10-03 13:29:14] (ERROR @ /var/www/html/core/src/Revolution/modCacheManager.php : 122) Resource URI  already exists for resource id = 1; skipping duplicate resource URI for resource id = 2
[2023-10-03 13:29:14] (ERROR @ /var/www/html/core/src/Revolution/modCacheManager.php : 122) Resource URI  already exists for resource id = 1; skipping duplicate resource URI for resource id = 2
[2023-10-03 13:29:19] (ERROR @ /var/www/html/core/src/Revolution/modCacheManager.php : 122) Resource URI  already exists for resource id = 1; skipping duplicate resource URI for resource id = 2
[2023-10-03 13:29:19] (ERROR @ /var/www/html/core/src/Revolution/modCacheManager.php : 122) Resource URI  already exists for resource id = 1; skipping duplicate resource URI for resource id = 2
[2023-10-03 13:29:26] (ERROR @ /var/www/html/core/src/Revolution/modCacheManager.php : 122) Resource URI  already exists for resource id = 1; skipping duplicate resource URI for resource id = 2
[2023-10-03 13:29:26] (ERROR @ /var/www/html/core/src/Revolution/modCacheManager.php : 122) Resource URI  already exists for resource id = 1; skipping duplicate resource URI for resource id = 2
[2023-10-03 13:29:33] (ERROR @ /var/www/html/core/src/Revolution/modCacheManager.php : 122) Resource URI  already exists for resource id = 1; skipping duplicate resource URI for resource id = 2
[2023-10-03 13:29:33] (ERROR @ /var/www/html/core/src/Revolution/modCacheManager.php : 122) Resource URI  already exists for resource id = 1; skipping duplicate resource URI for resource id = 2
[2023-10-03 13:41:02] (ERROR @ /var/www/html/core/vendor/xpdo/xpdo/src/xPDO/Cache/xPDOCacheManager.php : 319) PHP warning: mkdir(): File exists
[2023-10-03 13:41:02] (ERROR @ /var/www/html/core/vendor/xpdo/xpdo/src/xPDO/Cache/xPDOCacheManager.php : 324) PHP warning: mkdir(): File exists
[2023-10-03 13:45:42] (ERROR @ /var/www/html/core/components/pdotools/src/CoreTools.php : 342) [pdoTools] Could not load snippet "getNews"
[2023-10-03 13:53:04] (ERROR @ /var/www/html/core/cache/includes/elements/modx/revolution/modsnippet/7.include.cache.php : 210) PHP warning: Undefined variable $showLog
[2023-10-03 14:00:25] (ERROR @ /var/www/html/core/vendor/xpdo/xpdo/src/xPDO/Cache/xPDOCacheManager.php : 319) PHP warning: mkdir(): File exists
[2023-10-03 14:00:25] (ERROR @ /var/www/html/core/vendor/xpdo/xpdo/src/xPDO/Cache/xPDOCacheManager.php : 324) PHP warning: mkdir(): File exists
[2023-10-03 14:00:25] (ERROR @ /var/www/html/core/vendor/xpdo/xpdo/src/xPDO/Cache/xPDOCacheManager.php : 319) PHP warning: mkdir(): File exists
[2023-10-03 14:00:25] (ERROR @ /var/www/html/core/vendor/xpdo/xpdo/src/xPDO/Cache/xPDOCacheManager.php : 324) PHP warning: mkdir(): File exists
[2023-10-03 14:00:25] (ERROR @ /var/www/html/core/vendor/xpdo/xpdo/src/xPDO/Cache/xPDOCacheManager.php : 211) PHP warning: fopen(/var/www/html/core/cache/lexicon_topics/lexicon/ru/core/default.cache.php): Failed to open stream: No such file or directory
[2023-10-03 14:07:39] (ERROR @ /var/www/html/core/vendor/xpdo/xpdo/src/xPDO/xPDO.php : 667) Could not load class: TemplateVar from mysql.templatevar
[2023-10-03 14:07:39] (ERROR @ /var/www/html/core/cache/includes/elements/modx/revolution/modsnippet/7.include.cache.php : 210) PHP warning: Undefined variable $showLog
[2023-10-03 14:07:51] (ERROR @ /var/www/html/core/cache/includes/elements/modx/revolution/modsnippet/7.include.cache.php : 210) PHP warning: Undefined variable $showLog
[2023-10-03 14:12:09] (ERROR @ /var/www/html/core/vendor/xpdo/xpdo/src/xPDO/xPDO.php : 667) Could not load class: TemplateVar from mysql.templatevar
[2023-10-03 14:12:10] (ERROR @ /var/www/html/core/vendor/xpdo/xpdo/src/xPDO/xPDO.php : 667) Could not load class: TemplateVar from mysql.templatevar
[2023-10-03 14:12:11] (ERROR @ /var/www/html/core/vendor/xpdo/xpdo/src/xPDO/xPDO.php : 667) Could not load class: TemplateVar from mysql.templatevar
[2023-10-03 14:12:11] (ERROR @ /var/www/html/core/vendor/xpdo/xpdo/src/xPDO/xPDO.php : 667) Could not load class: TemplateVar from mysql.templatevar
[2023-10-03 14:12:12] (ERROR @ /var/www/html/core/vendor/xpdo/xpdo/src/xPDO/xPDO.php : 667) Could not load class: TemplateVar from mysql.templatevar
[2023-10-03 14:19:37] (ERROR @ /var/www/html/core/vendor/xpdo/xpdo/src/xPDO/Cache/xPDOCacheManager.php : 319) PHP warning: mkdir(): File exists
[2023-10-03 14:19:37] (ERROR @ /var/www/html/core/vendor/xpdo/xpdo/src/xPDO/Cache/xPDOCacheManager.php : 324) PHP warning: mkdir(): File exists
[2023-10-03 14:24:16] (ERROR @ /var/www/html/core/vendor/xpdo/xpdo/src/xPDO/Cache/xPDOCacheManager.php : 319) PHP warning: mkdir(): File exists
[2023-10-03 14:24:16] (ERROR @ /var/www/html/core/vendor/xpdo/xpdo/src/xPDO/Cache/xPDOCacheManager.php : 324) PHP warning: mkdir(): File exists
[2023-10-03 14:24:16] (ERROR @ /var/www/html/core/vendor/xpdo/xpdo/src/xPDO/Cache/xPDOCacheManager.php : 211) PHP warning: fopen(/var/www/html/core/cache/lexicon_topics/lexicon/en/core/default.cache.php): Failed to open stream: No such file or directory
[2023-10-03 14:24:16] (ERROR @ /var/www/html/core/vendor/xpdo/xpdo/src/xPDO/Cache/xPDOCacheManager.php : 319) PHP warning: mkdir(): File exists
[2023-10-03 14:24:16] (ERROR @ /var/www/html/core/vendor/xpdo/xpdo/src/xPDO/Cache/xPDOCacheManager.php : 324) PHP warning: mkdir(): File exists
[2023-10-03 14:27:21] (ERROR @ /var/www/html/core/vendor/xpdo/xpdo/src/xPDO/Cache/xPDOCacheManager.php : 319) PHP warning: mkdir(): File exists
[2023-10-03 14:27:21] (ERROR @ /var/www/html/core/vendor/xpdo/xpdo/src/xPDO/Cache/xPDOCacheManager.php : 324) PHP warning: mkdir(): File exists
[2023-10-03 14:27:21] (ERROR @ /var/www/html/core/vendor/xpdo/xpdo/src/xPDO/Cache/xPDOCacheManager.php : 319) PHP warning: mkdir(): File exists
[2023-10-03 14:27:21] (ERROR @ /var/www/html/core/vendor/xpdo/xpdo/src/xPDO/Cache/xPDOCacheManager.php : 324) PHP warning: mkdir(): File exists
[2023-10-03 14:30:13] (ERROR @ /var/www/html/core/vendor/xpdo/xpdo/src/xPDO/Cache/xPDOCacheManager.php : 319) PHP warning: mkdir(): File exists
[2023-10-03 14:30:13] (ERROR @ /var/www/html/core/vendor/xpdo/xpdo/src/xPDO/Cache/xPDOCacheManager.php : 324) PHP warning: mkdir(): File exists
[2023-10-03 14:30:13] (ERROR @ /var/www/html/core/vendor/xpdo/xpdo/src/xPDO/Cache/xPDOCacheManager.php : 211) PHP warning: fopen(/var/www/html/core/cache/lexicon_topics/lexicon/en/core/default.cache.php): Failed to open stream: No such file or directory
[2023-10-03 14:30:13] (ERROR @ /var/www/html/core/vendor/xpdo/xpdo/src/xPDO/Cache/xPDOCacheManager.php : 319) PHP warning: mkdir(): File exists
[2023-10-03 14:30:13] (ERROR @ /var/www/html/core/vendor/xpdo/xpdo/src/xPDO/Cache/xPDOCacheManager.php : 324) PHP warning: mkdir(): File exists
[2023-10-03 14:32:08] (ERROR @ /var/www/html/core/vendor/xpdo/xpdo/src/xPDO/Cache/xPDOCacheManager.php : 319) PHP warning: mkdir(): File exists
[2023-10-03 14:32:08] (ERROR @ /var/www/html/core/vendor/xpdo/xpdo/src/xPDO/Cache/xPDOCacheManager.php : 324) PHP warning: mkdir(): File exists
[2023-10-03 14:32:08] (ERROR @ /var/www/html/core/vendor/xpdo/xpdo/src/xPDO/Cache/xPDOCacheManager.php : 211) PHP warning: fopen(/var/www/html/core/cache/lexicon_topics/lexicon/en/core/default.cache.php): Failed to open stream: No such file or directory
[2023-10-03 14:32:08] (ERROR @ /var/www/html/core/vendor/xpdo/xpdo/src/xPDO/Cache/xPDOCacheManager.php : 319) PHP warning: mkdir(): File exists
[2023-10-03 14:32:08] (ERROR @ /var/www/html/core/vendor/xpdo/xpdo/src/xPDO/Cache/xPDOCacheManager.php : 324) PHP warning: mkdir(): File exists
[2023-10-03 14:32:44] (ERROR @ /var/www/html/core/vendor/xpdo/xpdo/src/xPDO/Cache/xPDOCacheManager.php : 319) PHP warning: mkdir(): File exists
[2023-10-03 14:32:44] (ERROR @ /var/www/html/core/vendor/xpdo/xpdo/src/xPDO/Cache/xPDOCacheManager.php : 324) PHP warning: mkdir(): File exists
[2023-10-03 14:33:04] (ERROR @ /var/www/html/core/vendor/xpdo/xpdo/src/xPDO/Cache/xPDOCacheManager.php : 319) PHP warning: mkdir(): File exists
[2023-10-03 14:33:04] (ERROR @ /var/www/html/core/vendor/xpdo/xpdo/src/xPDO/Cache/xPDOCacheManager.php : 324) PHP warning: mkdir(): File exists
[2023-10-03 14:33:04] (ERROR @ /var/www/html/core/vendor/xpdo/xpdo/src/xPDO/Cache/xPDOCacheManager.php : 319) PHP warning: mkdir(): File exists
[2023-10-03 14:33:04] (ERROR @ /var/www/html/core/vendor/xpdo/xpdo/src/xPDO/Cache/xPDOCacheManager.php : 324) PHP warning: mkdir(): File exists
[2023-10-03 14:35:08] (ERROR @ /var/www/html/core/vendor/xpdo/xpdo/src/xPDO/Cache/xPDOCacheManager.php : 319) PHP warning: mkdir(): File exists
[2023-10-03 14:35:08] (ERROR @ /var/www/html/core/vendor/xpdo/xpdo/src/xPDO/Cache/xPDOCacheManager.php : 324) PHP warning: mkdir(): File exists
[2023-10-03 14:35:08] (ERROR @ /var/www/html/core/vendor/xpdo/xpdo/src/xPDO/Cache/xPDOCacheManager.php : 211) PHP warning: fopen(/var/www/html/core/cache/lexicon_topics/lexicon/en/core/default.cache.php): Failed to open stream: No such file or directory
[2023-10-03 14:35:08] (ERROR @ /var/www/html/core/vendor/xpdo/xpdo/src/xPDO/Cache/xPDOCacheManager.php : 319) PHP warning: mkdir(): File exists
[2023-10-03 14:35:08] (ERROR @ /var/www/html/core/vendor/xpdo/xpdo/src/xPDO/Cache/xPDOCacheManager.php : 324) PHP warning: mkdir(): File exists
[2023-10-03 14:36:57] (ERROR @ /var/www/html/core/vendor/xpdo/xpdo/src/xPDO/Cache/xPDOCacheManager.php : 319) PHP warning: mkdir(): File exists
[2023-10-03 14:36:57] (ERROR @ /var/www/html/core/vendor/xpdo/xpdo/src/xPDO/Cache/xPDOCacheManager.php : 324) PHP warning: mkdir(): File exists
[2023-10-03 14:36:57] (ERROR @ /var/www/html/core/vendor/xpdo/xpdo/src/xPDO/Cache/xPDOCacheManager.php : 211) PHP warning: fopen(/var/www/html/core/cache/lexicon_topics/lexicon/en/core/default.cache.php): Failed to open stream: No such file or directory
[2023-10-03 14:36:57] (ERROR @ /var/www/html/core/vendor/xpdo/xpdo/src/xPDO/Cache/xPDOCacheManager.php : 319) PHP warning: mkdir(): File exists
[2023-10-03 14:36:57] (ERROR @ /var/www/html/core/vendor/xpdo/xpdo/src/xPDO/Cache/xPDOCacheManager.php : 324) PHP warning: mkdir(): File exists
[2023-10-03 14:38:05] (ERROR @ /var/www/html/core/vendor/xpdo/xpdo/src/xPDO/Cache/xPDOCacheManager.php : 319) PHP warning: mkdir(): File exists
[2023-10-03 14:38:05] (ERROR @ /var/www/html/core/vendor/xpdo/xpdo/src/xPDO/Cache/xPDOCacheManager.php : 324) PHP warning: mkdir(): File exists
[2023-10-03 14:39:55] (ERROR @ /var/www/html/core/vendor/xpdo/xpdo/src/xPDO/Cache/xPDOCacheManager.php : 319) PHP warning: mkdir(): File exists
[2023-10-03 14:39:55] (ERROR @ /var/www/html/core/vendor/xpdo/xpdo/src/xPDO/Cache/xPDOCacheManager.php : 324) PHP warning: mkdir(): File exists
[2023-10-03 14:39:55] (ERROR @ /var/www/html/core/vendor/xpdo/xpdo/src/xPDO/Cache/xPDOCacheManager.php : 211) PHP warning: fopen(/var/www/html/core/cache/lexicon_topics/lexicon/en/core/default.cache.php): Failed to open stream: No such file or directory
[2023-10-03 14:39:55] (ERROR @ /var/www/html/core/vendor/xpdo/xpdo/src/xPDO/Cache/xPDOCacheManager.php : 319) PHP warning: mkdir(): File exists
[2023-10-03 14:39:55] (ERROR @ /var/www/html/core/vendor/xpdo/xpdo/src/xPDO/Cache/xPDOCacheManager.php : 324) PHP warning: mkdir(): File exists
[2023-10-03 14:40:27] (ERROR @ /var/www/html/core/vendor/xpdo/xpdo/src/xPDO/Cache/xPDOCacheManager.php : 319) PHP warning: mkdir(): File exists
[2023-10-03 14:40:27] (ERROR @ /var/www/html/core/vendor/xpdo/xpdo/src/xPDO/Cache/xPDOCacheManager.php : 324) PHP warning: mkdir(): File exists
[2023-10-03 14:40:27] (ERROR @ /var/www/html/core/vendor/xpdo/xpdo/src/xPDO/Cache/xPDOCacheManager.php : 211) PHP warning: fopen(/var/www/html/core/cache/lexicon_topics/lexicon/en/core/default.cache.php): Failed to open stream: No such file or directory
[2023-10-03 14:40:27] (ERROR @ /var/www/html/core/vendor/xpdo/xpdo/src/xPDO/Cache/xPDOCacheManager.php : 319) PHP warning: mkdir(): File exists
[2023-10-03 14:40:27] (ERROR @ /var/www/html/core/vendor/xpdo/xpdo/src/xPDO/Cache/xPDOCacheManager.php : 324) PHP warning: mkdir(): File exists
[2023-10-03 14:41:28] (ERROR @ /var/www/html/core/vendor/xpdo/xpdo/src/xPDO/Cache/xPDOCacheManager.php : 319) PHP warning: mkdir(): File exists
[2023-10-03 14:41:28] (ERROR @ /var/www/html/core/vendor/xpdo/xpdo/src/xPDO/Cache/xPDOCacheManager.php : 324) PHP warning: mkdir(): File exists
[2023-10-03 14:44:03] (ERROR @ /var/www/html/core/vendor/xpdo/xpdo/src/xPDO/Cache/xPDOCacheManager.php : 319) PHP warning: mkdir(): File exists
[2023-10-03 14:44:03] (ERROR @ /var/www/html/core/vendor/xpdo/xpdo/src/xPDO/Cache/xPDOCacheManager.php : 324) PHP warning: mkdir(): File exists
[2023-10-03 14:53:34] (ERROR @ /var/www/html/core/vendor/xpdo/xpdo/src/xPDO/Cache/xPDOCacheManager.php : 319) PHP warning: mkdir(): File exists
[2023-10-03 14:53:34] (ERROR @ /var/www/html/core/vendor/xpdo/xpdo/src/xPDO/Cache/xPDOCacheManager.php : 324) PHP warning: mkdir(): File exists
[2023-10-03 14:53:34] (ERROR @ /var/www/html/core/vendor/xpdo/xpdo/src/xPDO/Cache/xPDOCacheManager.php : 319) PHP warning: mkdir(): File exists
[2023-10-03 14:53:34] (ERROR @ /var/www/html/core/vendor/xpdo/xpdo/src/xPDO/Cache/xPDOCacheManager.php : 324) PHP warning: mkdir(): File exists
[2023-10-03 14:54:54] (ERROR @ /var/www/html/core/vendor/xpdo/xpdo/src/xPDO/Cache/xPDOCacheManager.php : 319) PHP warning: mkdir(): File exists
[2023-10-03 14:54:54] (ERROR @ /var/www/html/core/vendor/xpdo/xpdo/src/xPDO/Cache/xPDOCacheManager.php : 324) PHP warning: mkdir(): File exists
[2023-10-03 14:55:53] (ERROR @ /var/www/html/core/components/pdotools/vendor/fenom/fenom/src/Fenom/Template.php(487) : eval()'d code : 5) PHP warning: Undefined array key "preview_image"
[2023-10-03 14:55:53] (ERROR @ /var/www/html/core/components/pdotools/vendor/fenom/fenom/src/Fenom/Template.php(487) : eval()'d code : 5) PHP warning: Undefined array key "preview_image"
[2023-10-03 14:55:53] (ERROR @ /var/www/html/core/components/pdotools/vendor/fenom/fenom/src/Fenom/Template.php(487) : eval()'d code : 5) PHP warning: Undefined array key "preview_image"
[2023-10-03 14:55:53] (ERROR @ /var/www/html/core/components/pdotools/vendor/fenom/fenom/src/Fenom/Template.php(487) : eval()'d code : 5) PHP warning: Undefined array key "preview_image"
[2023-10-03 14:55:53] (ERROR @ /var/www/html/core/components/pdotools/vendor/fenom/fenom/src/Fenom/Template.php(487) : eval()'d code : 5) PHP warning: Undefined array key "preview_image"
[2023-10-03 14:56:11] (ERROR @ /var/www/html/core/vendor/xpdo/xpdo/src/xPDO/Cache/xPDOCacheManager.php : 319) PHP warning: mkdir(): File exists
[2023-10-03 14:56:11] (ERROR @ /var/www/html/core/vendor/xpdo/xpdo/src/xPDO/Cache/xPDOCacheManager.php : 324) PHP warning: mkdir(): File exists
[2023-10-03 14:56:14] (ERROR @ /var/www/html/core/components/pdotools/vendor/fenom/fenom/src/Fenom/Template.php(487) : eval()'d code : 5) PHP warning: Undefined array key "preview_image"
[2023-10-03 14:56:14] (ERROR @ /var/www/html/core/components/pdotools/vendor/fenom/fenom/src/Fenom/Template.php(487) : eval()'d code : 5) PHP warning: Undefined array key "preview_image"
[2023-10-03 14:56:14] (ERROR @ /var/www/html/core/components/pdotools/vendor/fenom/fenom/src/Fenom/Template.php(487) : eval()'d code : 5) PHP warning: Undefined array key "preview_image"
[2023-10-03 14:56:14] (ERROR @ /var/www/html/core/components/pdotools/vendor/fenom/fenom/src/Fenom/Template.php(487) : eval()'d code : 5) PHP warning: Undefined array key "preview_image"
[2023-10-03 14:56:14] (ERROR @ /var/www/html/core/components/pdotools/vendor/fenom/fenom/src/Fenom/Template.php(487) : eval()'d code : 5) PHP warning: Undefined array key "preview_image"
[2023-10-03 14:56:46] (ERROR @ /var/www/html/core/components/pdotools/vendor/fenom/fenom/src/Fenom/Template.php(487) : eval()'d code : 5) PHP warning: Undefined array key "preview_image"
[2023-10-03 14:56:46] (ERROR @ /var/www/html/core/components/pdotools/vendor/fenom/fenom/src/Fenom/Template.php(487) : eval()'d code : 5) PHP warning: Undefined array key "preview_image"
[2023-10-03 14:56:46] (ERROR @ /var/www/html/core/components/pdotools/vendor/fenom/fenom/src/Fenom/Template.php(487) : eval()'d code : 5) PHP warning: Undefined array key "preview_image"
[2023-10-03 14:56:46] (ERROR @ /var/www/html/core/components/pdotools/vendor/fenom/fenom/src/Fenom/Template.php(487) : eval()'d code : 5) PHP warning: Undefined array key "preview_image"
[2023-10-03 14:56:46] (ERROR @ /var/www/html/core/components/pdotools/vendor/fenom/fenom/src/Fenom/Template.php(487) : eval()'d code : 5) PHP warning: Undefined array key "preview_image"
[2023-10-03 14:56:47] (ERROR @ /var/www/html/core/components/pdotools/vendor/fenom/fenom/src/Fenom/Template.php(487) : eval()'d code : 5) PHP warning: Undefined array key "preview_image"
[2023-10-03 14:56:47] (ERROR @ /var/www/html/core/components/pdotools/vendor/fenom/fenom/src/Fenom/Template.php(487) : eval()'d code : 5) PHP warning: Undefined array key "preview_image"
[2023-10-03 14:56:47] (ERROR @ /var/www/html/core/components/pdotools/vendor/fenom/fenom/src/Fenom/Template.php(487) : eval()'d code : 5) PHP warning: Undefined array key "preview_image"
[2023-10-03 14:56:47] (ERROR @ /var/www/html/core/components/pdotools/vendor/fenom/fenom/src/Fenom/Template.php(487) : eval()'d code : 5) PHP warning: Undefined array key "preview_image"
[2023-10-03 14:56:47] (ERROR @ /var/www/html/core/components/pdotools/vendor/fenom/fenom/src/Fenom/Template.php(487) : eval()'d code : 5) PHP warning: Undefined array key "preview_image"
[2023-10-03 14:57:09] (ERROR @ /var/www/html/core/components/pdotools/vendor/fenom/fenom/src/Fenom/Template.php(487) : eval()'d code : 5) PHP warning: Undefined array key "preview_image"
[2023-10-03 14:57:09] (ERROR @ /var/www/html/core/components/pdotools/vendor/fenom/fenom/src/Fenom/Template.php(487) : eval()'d code : 5) PHP warning: Undefined array key "preview_image"
[2023-10-03 14:57:09] (ERROR @ /var/www/html/core/components/pdotools/vendor/fenom/fenom/src/Fenom/Template.php(487) : eval()'d code : 5) PHP warning: Undefined array key "preview_image"
[2023-10-03 14:57:09] (ERROR @ /var/www/html/core/components/pdotools/vendor/fenom/fenom/src/Fenom/Template.php(487) : eval()'d code : 5) PHP warning: Undefined array key "preview_image"
[2023-10-03 14:57:09] (ERROR @ /var/www/html/core/components/pdotools/vendor/fenom/fenom/src/Fenom/Template.php(487) : eval()'d code : 5) PHP warning: Undefined array key "preview_image"
[2023-10-03 14:58:21] (ERROR @ /var/www/html/core/components/pdotools/vendor/fenom/fenom/src/Fenom/Template.php(487) : eval()'d code : 23) PHP warning: Undefined array key "longtitle"
[2023-10-03 14:58:21] (ERROR @ /var/www/html/core/components/pdotools/vendor/fenom/fenom/src/Fenom/Template.php(487) : eval()'d code : 5) PHP warning: Undefined array key "preview_image"
[2023-10-03 14:58:21] (ERROR @ /var/www/html/core/components/pdotools/vendor/fenom/fenom/src/Fenom/Template.php(487) : eval()'d code : 5) PHP warning: Undefined array key "preview_image"
[2023-10-03 14:58:21] (ERROR @ /var/www/html/core/components/pdotools/vendor/fenom/fenom/src/Fenom/Template.php(487) : eval()'d code : 5) PHP warning: Undefined array key "preview_image"
[2023-10-03 14:58:21] (ERROR @ /var/www/html/core/components/pdotools/vendor/fenom/fenom/src/Fenom/Template.php(487) : eval()'d code : 5) PHP warning: Undefined array key "preview_image"
[2023-10-03 14:58:21] (ERROR @ /var/www/html/core/components/pdotools/vendor/fenom/fenom/src/Fenom/Template.php(487) : eval()'d code : 5) PHP warning: Undefined array key "preview_image"
[2023-10-03 14:58:37] (ERROR @ /var/www/html/core/components/pdotools/vendor/fenom/fenom/src/Fenom/Template.php(487) : eval()'d code : 5) PHP warning: Undefined array key "preview_image"
[2023-10-03 14:58:37] (ERROR @ /var/www/html/core/components/pdotools/vendor/fenom/fenom/src/Fenom/Template.php(487) : eval()'d code : 5) PHP warning: Undefined array key "preview_image"
[2023-10-03 14:58:37] (ERROR @ /var/www/html/core/components/pdotools/vendor/fenom/fenom/src/Fenom/Template.php(487) : eval()'d code : 5) PHP warning: Undefined array key "preview_image"
[2023-10-03 14:58:37] (ERROR @ /var/www/html/core/components/pdotools/vendor/fenom/fenom/src/Fenom/Template.php(487) : eval()'d code : 5) PHP warning: Undefined array key "preview_image"
[2023-10-03 14:58:37] (ERROR @ /var/www/html/core/components/pdotools/vendor/fenom/fenom/src/Fenom/Template.php(487) : eval()'d code : 5) PHP warning: Undefined array key "preview_image"
[2023-10-03 14:59:28] (ERROR @ /var/www/html/core/components/pdotools/vendor/fenom/fenom/src/Fenom/Template.php(487) : eval()'d code : 5) PHP warning: Undefined array key "preview_image"
[2023-10-03 14:59:28] (ERROR @ /var/www/html/core/components/pdotools/vendor/fenom/fenom/src/Fenom/Template.php(487) : eval()'d code : 5) PHP warning: Undefined array key "preview_image"
[2023-10-03 14:59:28] (ERROR @ /var/www/html/core/components/pdotools/vendor/fenom/fenom/src/Fenom/Template.php(487) : eval()'d code : 5) PHP warning: Undefined array key "preview_image"
[2023-10-03 14:59:28] (ERROR @ /var/www/html/core/components/pdotools/vendor/fenom/fenom/src/Fenom/Template.php(487) : eval()'d code : 5) PHP warning: Undefined array key "preview_image"
[2023-10-03 14:59:28] (ERROR @ /var/www/html/core/components/pdotools/vendor/fenom/fenom/src/Fenom/Template.php(487) : eval()'d code : 5) PHP warning: Undefined array key "preview_image"
[2023-10-03 14:59:31] (ERROR @ /var/www/html/core/components/pdotools/vendor/fenom/fenom/src/Fenom/Template.php(487) : eval()'d code : 5) PHP warning: Undefined array key "preview_image"
[2023-10-03 14:59:31] (ERROR @ /var/www/html/core/components/pdotools/vendor/fenom/fenom/src/Fenom/Template.php(487) : eval()'d code : 5) PHP warning: Undefined array key "preview_image"
[2023-10-03 14:59:31] (ERROR @ /var/www/html/core/components/pdotools/vendor/fenom/fenom/src/Fenom/Template.php(487) : eval()'d code : 5) PHP warning: Undefined array key "preview_image"
[2023-10-03 14:59:31] (ERROR @ /var/www/html/core/components/pdotools/vendor/fenom/fenom/src/Fenom/Template.php(487) : eval()'d code : 5) PHP warning: Undefined array key "preview_image"
[2023-10-03 14:59:31] (ERROR @ /var/www/html/core/components/pdotools/vendor/fenom/fenom/src/Fenom/Template.php(487) : eval()'d code : 5) PHP warning: Undefined array key "preview_image"
[2023-10-03 14:59:57] (ERROR @ /var/www/html/core/components/pdotools/vendor/fenom/fenom/src/Fenom/Template.php(487) : eval()'d code : 23) PHP warning: Undefined array key "longtitle"
[2023-10-03 14:59:57] (ERROR @ /var/www/html/core/components/pdotools/vendor/fenom/fenom/src/Fenom/Template.php(487) : eval()'d code : 5) PHP warning: Undefined array key "preview_image"
[2023-10-03 14:59:57] (ERROR @ /var/www/html/core/components/pdotools/vendor/fenom/fenom/src/Fenom/Template.php(487) : eval()'d code : 5) PHP warning: Undefined array key "preview_image"
[2023-10-03 14:59:57] (ERROR @ /var/www/html/core/components/pdotools/vendor/fenom/fenom/src/Fenom/Template.php(487) : eval()'d code : 5) PHP warning: Undefined array key "preview_image"
[2023-10-03 14:59:57] (ERROR @ /var/www/html/core/components/pdotools/vendor/fenom/fenom/src/Fenom/Template.php(487) : eval()'d code : 5) PHP warning: Undefined array key "preview_image"
[2023-10-03 14:59:57] (ERROR @ /var/www/html/core/components/pdotools/vendor/fenom/fenom/src/Fenom/Template.php(487) : eval()'d code : 5) PHP warning: Undefined array key "preview_image"
[2023-10-03 15:00:22] (ERROR @ /var/www/html/core/components/pdotools/vendor/fenom/fenom/src/Fenom/Template.php(487) : eval()'d code : 5) PHP warning: Undefined array key "preview_image"
[2023-10-03 15:00:22] (ERROR @ /var/www/html/core/components/pdotools/vendor/fenom/fenom/src/Fenom/Template.php(487) : eval()'d code : 5) PHP warning: Undefined array key "preview_image"
[2023-10-03 15:00:22] (ERROR @ /var/www/html/core/components/pdotools/vendor/fenom/fenom/src/Fenom/Template.php(487) : eval()'d code : 5) PHP warning: Undefined array key "preview_image"
[2023-10-03 15:00:22] (ERROR @ /var/www/html/core/components/pdotools/vendor/fenom/fenom/src/Fenom/Template.php(487) : eval()'d code : 5) PHP warning: Undefined array key "preview_image"
[2023-10-03 15:00:22] (ERROR @ /var/www/html/core/components/pdotools/vendor/fenom/fenom/src/Fenom/Template.php(487) : eval()'d code : 5) PHP warning: Undefined array key "preview_image"
[2023-10-03 15:01:40] (ERROR @ /var/www/html/core/components/pdotools/vendor/fenom/fenom/src/Fenom/Template.php(487) : eval()'d code : 5) PHP warning: Undefined array key "preview_image"
[2023-10-03 15:01:40] (ERROR @ /var/www/html/core/components/pdotools/vendor/fenom/fenom/src/Fenom/Template.php(487) : eval()'d code : 5) PHP warning: Undefined array key "preview_image"
[2023-10-03 15:01:40] (ERROR @ /var/www/html/core/components/pdotools/vendor/fenom/fenom/src/Fenom/Template.php(487) : eval()'d code : 5) PHP warning: Undefined array key "preview_image"
[2023-10-03 15:01:40] (ERROR @ /var/www/html/core/components/pdotools/vendor/fenom/fenom/src/Fenom/Template.php(487) : eval()'d code : 5) PHP warning: Undefined array key "preview_image"
[2023-10-03 15:01:40] (ERROR @ /var/www/html/core/components/pdotools/vendor/fenom/fenom/src/Fenom/Template.php(487) : eval()'d code : 5) PHP warning: Undefined array key "preview_image"
[2023-10-03 15:01:50] (ERROR @ /var/www/html/core/components/pdotools/vendor/fenom/fenom/src/Fenom/Template.php(487) : eval()'d code : 5) PHP warning: Undefined array key "preview_image"
[2023-10-03 15:01:50] (ERROR @ /var/www/html/core/components/pdotools/vendor/fenom/fenom/src/Fenom/Template.php(487) : eval()'d code : 5) PHP warning: Undefined array key "preview_image"
[2023-10-03 15:01:50] (ERROR @ /var/www/html/core/components/pdotools/vendor/fenom/fenom/src/Fenom/Template.php(487) : eval()'d code : 5) PHP warning: Undefined array key "preview_image"
[2023-10-03 15:01:50] (ERROR @ /var/www/html/core/components/pdotools/vendor/fenom/fenom/src/Fenom/Template.php(487) : eval()'d code : 5) PHP warning: Undefined array key "preview_image"
[2023-10-03 15:01:50] (ERROR @ /var/www/html/core/components/pdotools/vendor/fenom/fenom/src/Fenom/Template.php(487) : eval()'d code : 5) PHP warning: Undefined array key "preview_image"
[2023-10-03 15:02:03] (ERROR @ /var/www/html/core/components/pdotools/vendor/fenom/fenom/src/Fenom/Template.php(487) : eval()'d code : 5) PHP warning: Undefined array key "preview_image"
[2023-10-03 15:02:03] (ERROR @ /var/www/html/core/components/pdotools/vendor/fenom/fenom/src/Fenom/Template.php(487) : eval()'d code : 5) PHP warning: Undefined array key "preview_image"
[2023-10-03 15:02:03] (ERROR @ /var/www/html/core/components/pdotools/vendor/fenom/fenom/src/Fenom/Template.php(487) : eval()'d code : 5) PHP warning: Undefined array key "preview_image"
[2023-10-03 15:02:03] (ERROR @ /var/www/html/core/components/pdotools/vendor/fenom/fenom/src/Fenom/Template.php(487) : eval()'d code : 5) PHP warning: Undefined array key "preview_image"
[2023-10-03 15:02:03] (ERROR @ /var/www/html/core/components/pdotools/vendor/fenom/fenom/src/Fenom/Template.php(487) : eval()'d code : 5) PHP warning: Undefined array key "preview_image"
[2023-10-03 15:02:20] (ERROR @ /var/www/html/core/components/pdotools/vendor/fenom/fenom/src/Fenom/Template.php(487) : eval()'d code : 5) PHP warning: Undefined array key "preview_image"
[2023-10-03 15:02:20] (ERROR @ /var/www/html/core/components/pdotools/vendor/fenom/fenom/src/Fenom/Template.php(487) : eval()'d code : 5) PHP warning: Undefined array key "preview_image"
[2023-10-03 15:02:20] (ERROR @ /var/www/html/core/components/pdotools/vendor/fenom/fenom/src/Fenom/Template.php(487) : eval()'d code : 5) PHP warning: Undefined array key "preview_image"
[2023-10-03 15:02:20] (ERROR @ /var/www/html/core/components/pdotools/vendor/fenom/fenom/src/Fenom/Template.php(487) : eval()'d code : 5) PHP warning: Undefined array key "preview_image"
[2023-10-03 15:02:20] (ERROR @ /var/www/html/core/components/pdotools/vendor/fenom/fenom/src/Fenom/Template.php(487) : eval()'d code : 5) PHP warning: Undefined array key "preview_image"
[2023-10-03 15:02:28] (ERROR @ /var/www/html/core/components/pdotools/vendor/fenom/fenom/src/Fenom/Template.php(487) : eval()'d code : 5) PHP warning: Undefined array key "preview_image"
[2023-10-03 15:02:28] (ERROR @ /var/www/html/core/components/pdotools/vendor/fenom/fenom/src/Fenom/Template.php(487) : eval()'d code : 5) PHP warning: Undefined array key "preview_image"
[2023-10-03 15:02:28] (ERROR @ /var/www/html/core/components/pdotools/vendor/fenom/fenom/src/Fenom/Template.php(487) : eval()'d code : 5) PHP warning: Undefined array key "preview_image"
[2023-10-03 15:02:28] (ERROR @ /var/www/html/core/components/pdotools/vendor/fenom/fenom/src/Fenom/Template.php(487) : eval()'d code : 5) PHP warning: Undefined array key "preview_image"
[2023-10-03 15:02:28] (ERROR @ /var/www/html/core/components/pdotools/vendor/fenom/fenom/src/Fenom/Template.php(487) : eval()'d code : 5) PHP warning: Undefined array key "preview_image"
[2023-10-03 15:04:13] (ERROR @ /var/www/html/core/components/pdotools/vendor/fenom/fenom/src/Fenom/Template.php(487) : eval()'d code : 5) PHP warning: Undefined array key "preview_image"
[2023-10-03 15:04:13] (ERROR @ /var/www/html/core/components/pdotools/vendor/fenom/fenom/src/Fenom/Template.php(487) : eval()'d code : 5) PHP warning: Undefined array key "preview_image"
[2023-10-03 15:04:13] (ERROR @ /var/www/html/core/components/pdotools/vendor/fenom/fenom/src/Fenom/Template.php(487) : eval()'d code : 5) PHP warning: Undefined array key "preview_image"
[2023-10-03 15:04:13] (ERROR @ /var/www/html/core/components/pdotools/vendor/fenom/fenom/src/Fenom/Template.php(487) : eval()'d code : 5) PHP warning: Undefined array key "preview_image"
[2023-10-03 15:04:13] (ERROR @ /var/www/html/core/components/pdotools/vendor/fenom/fenom/src/Fenom/Template.php(487) : eval()'d code : 5) PHP warning: Undefined array key "preview_image"
[2023-10-03 15:33:59] (ERROR @ /var/www/html/core/components/pdotools/vendor/fenom/fenom/src/Fenom/Template.php(487) : eval()'d code : 5) PHP warning: Undefined array key "preview_image"
[2023-10-03 15:33:59] (ERROR @ /var/www/html/core/components/pdotools/vendor/fenom/fenom/src/Fenom/Template.php(487) : eval()'d code : 5) PHP warning: Undefined array key "preview_image"
[2023-10-03 15:33:59] (ERROR @ /var/www/html/core/components/pdotools/vendor/fenom/fenom/src/Fenom/Template.php(487) : eval()'d code : 5) PHP warning: Undefined array key "preview_image"
[2023-10-03 15:33:59] (ERROR @ /var/www/html/core/components/pdotools/vendor/fenom/fenom/src/Fenom/Template.php(487) : eval()'d code : 5) PHP warning: Undefined array key "preview_image"
[2023-10-03 15:33:59] (ERROR @ /var/www/html/core/components/pdotools/vendor/fenom/fenom/src/Fenom/Template.php(487) : eval()'d code : 5) PHP warning: Undefined array key "preview_image"
[2023-10-03 15:34:00] (ERROR @ /var/www/html/core/components/pdotools/vendor/fenom/fenom/src/Fenom/Template.php(487) : eval()'d code : 5) PHP warning: Undefined array key "preview_image"
[2023-10-03 15:34:00] (ERROR @ /var/www/html/core/components/pdotools/vendor/fenom/fenom/src/Fenom/Template.php(487) : eval()'d code : 5) PHP warning: Undefined array key "preview_image"
[2023-10-03 15:34:00] (ERROR @ /var/www/html/core/components/pdotools/vendor/fenom/fenom/src/Fenom/Template.php(487) : eval()'d code : 5) PHP warning: Undefined array key "preview_image"
[2023-10-03 15:34:00] (ERROR @ /var/www/html/core/components/pdotools/vendor/fenom/fenom/src/Fenom/Template.php(487) : eval()'d code : 5) PHP warning: Undefined array key "preview_image"
[2023-10-03 15:34:00] (ERROR @ /var/www/html/core/components/pdotools/vendor/fenom/fenom/src/Fenom/Template.php(487) : eval()'d code : 5) PHP warning: Undefined array key "preview_image"
[2023-10-03 15:34:01] (ERROR @ /var/www/html/core/components/pdotools/vendor/fenom/fenom/src/Fenom/Template.php(487) : eval()'d code : 5) PHP warning: Undefined array key "preview_image"
[2023-10-03 15:34:01] (ERROR @ /var/www/html/core/components/pdotools/vendor/fenom/fenom/src/Fenom/Template.php(487) : eval()'d code : 5) PHP warning: Undefined array key "preview_image"
[2023-10-03 15:34:01] (ERROR @ /var/www/html/core/components/pdotools/vendor/fenom/fenom/src/Fenom/Template.php(487) : eval()'d code : 5) PHP warning: Undefined array key "preview_image"
[2023-10-03 15:34:01] (ERROR @ /var/www/html/core/components/pdotools/vendor/fenom/fenom/src/Fenom/Template.php(487) : eval()'d code : 5) PHP warning: Undefined array key "preview_image"
[2023-10-03 15:34:01] (ERROR @ /var/www/html/core/components/pdotools/vendor/fenom/fenom/src/Fenom/Template.php(487) : eval()'d code : 5) PHP warning: Undefined array key "preview_image"
[2023-10-03 18:06:35] (ERROR @ /var/www/html/core/components/pdotools/vendor/fenom/fenom/src/Fenom/Template.php(487) : eval()'d code : 5) PHP warning: Undefined array key "preview_image"
[2023-10-03 18:06:35] (ERROR @ /var/www/html/core/components/pdotools/vendor/fenom/fenom/src/Fenom/Template.php(487) : eval()'d code : 5) PHP warning: Undefined array key "preview_image"
[2023-10-03 18:06:35] (ERROR @ /var/www/html/core/components/pdotools/vendor/fenom/fenom/src/Fenom/Template.php(487) : eval()'d code : 5) PHP warning: Undefined array key "preview_image"
[2023-10-03 18:06:35] (ERROR @ /var/www/html/core/components/pdotools/vendor/fenom/fenom/src/Fenom/Template.php(487) : eval()'d code : 5) PHP warning: Undefined array key "preview_image"
[2023-10-03 18:06:35] (ERROR @ /var/www/html/core/components/pdotools/vendor/fenom/fenom/src/Fenom/Template.php(487) : eval()'d code : 5) PHP warning: Undefined array key "preview_image"
[2023-10-03 18:13:47] (ERROR @ /var/www/html/core/components/pdotools/vendor/fenom/fenom/src/Fenom/Template.php(487) : eval()'d code : 5) PHP warning: Undefined array key "preview_image"
[2023-10-03 18:13:47] (ERROR @ /var/www/html/core/components/pdotools/vendor/fenom/fenom/src/Fenom/Template.php(487) : eval()'d code : 5) PHP warning: Undefined array key "preview_image"
[2023-10-03 18:13:47] (ERROR @ /var/www/html/core/components/pdotools/vendor/fenom/fenom/src/Fenom/Template.php(487) : eval()'d code : 5) PHP warning: Undefined array key "preview_image"
[2023-10-03 18:13:47] (ERROR @ /var/www/html/core/components/pdotools/vendor/fenom/fenom/src/Fenom/Template.php(487) : eval()'d code : 5) PHP warning: Undefined array key "preview_image"
[2023-10-03 18:13:47] (ERROR @ /var/www/html/core/components/pdotools/vendor/fenom/fenom/src/Fenom/Template.php(487) : eval()'d code : 5) PHP warning: Undefined array key "preview_image"
[2023-10-03 18:15:18] (ERROR @ /var/www/html/core/components/pdotools/vendor/fenom/fenom/src/Fenom/Template.php(487) : eval()'d code : 5) PHP warning: Undefined array key "preview_image"
[2023-10-03 18:15:18] (ERROR @ /var/www/html/core/components/pdotools/vendor/fenom/fenom/src/Fenom/Template.php(487) : eval()'d code : 5) PHP warning: Undefined array key "preview_image"
[2023-10-03 18:15:18] (ERROR @ /var/www/html/core/components/pdotools/vendor/fenom/fenom/src/Fenom/Template.php(487) : eval()'d code : 5) PHP warning: Undefined array key "preview_image"
[2023-10-03 18:15:18] (ERROR @ /var/www/html/core/components/pdotools/vendor/fenom/fenom/src/Fenom/Template.php(487) : eval()'d code : 5) PHP warning: Undefined array key "preview_image"
[2023-10-03 18:15:18] (ERROR @ /var/www/html/core/components/pdotools/vendor/fenom/fenom/src/Fenom/Template.php(487) : eval()'d code : 5) PHP warning: Undefined array key "preview_image"
[2023-10-03 18:15:59] (ERROR @ /var/www/html/core/components/pdotools/vendor/fenom/fenom/src/Fenom/Template.php(487) : eval()'d code : 5) PHP warning: Undefined array key "preview_image"
[2023-10-03 18:15:59] (ERROR @ /var/www/html/core/components/pdotools/vendor/fenom/fenom/src/Fenom/Template.php(487) : eval()'d code : 5) PHP warning: Undefined array key "preview_image"
[2023-10-03 18:15:59] (ERROR @ /var/www/html/core/components/pdotools/vendor/fenom/fenom/src/Fenom/Template.php(487) : eval()'d code : 5) PHP warning: Undefined array key "preview_image"
[2023-10-03 18:15:59] (ERROR @ /var/www/html/core/components/pdotools/vendor/fenom/fenom/src/Fenom/Template.php(487) : eval()'d code : 5) PHP warning: Undefined array key "preview_image"
[2023-10-03 18:15:59] (ERROR @ /var/www/html/core/components/pdotools/vendor/fenom/fenom/src/Fenom/Template.php(487) : eval()'d code : 5) PHP warning: Undefined array key "preview_image"
[2023-10-03 18:16:17] (ERROR @ /var/www/html/core/components/pdotools/vendor/fenom/fenom/src/Fenom/Template.php(487) : eval()'d code : 5) PHP warning: Undefined array key "preview_image"
[2023-10-03 18:16:17] (ERROR @ /var/www/html/core/components/pdotools/vendor/fenom/fenom/src/Fenom/Template.php(487) : eval()'d code : 5) PHP warning: Undefined array key "preview_image"
[2023-10-03 18:16:17] (ERROR @ /var/www/html/core/components/pdotools/vendor/fenom/fenom/src/Fenom/Template.php(487) : eval()'d code : 5) PHP warning: Undefined array key "preview_image"
[2023-10-03 18:16:17] (ERROR @ /var/www/html/core/components/pdotools/vendor/fenom/fenom/src/Fenom/Template.php(487) : eval()'d code : 5) PHP warning: Undefined array key "preview_image"
[2023-10-03 18:16:17] (ERROR @ /var/www/html/core/components/pdotools/vendor/fenom/fenom/src/Fenom/Template.php(487) : eval()'d code : 5) PHP warning: Undefined array key "preview_image"
[2023-10-03 18:16:22] (ERROR @ /var/www/html/core/components/pdotools/vendor/fenom/fenom/src/Fenom/Template.php(487) : eval()'d code : 5) PHP warning: Undefined array key "preview_image"
[2023-10-03 18:16:22] (ERROR @ /var/www/html/core/components/pdotools/vendor/fenom/fenom/src/Fenom/Template.php(487) : eval()'d code : 5) PHP warning: Undefined array key "preview_image"
[2023-10-03 18:16:22] (ERROR @ /var/www/html/core/components/pdotools/vendor/fenom/fenom/src/Fenom/Template.php(487) : eval()'d code : 5) PHP warning: Undefined array key "preview_image"
[2023-10-03 18:16:22] (ERROR @ /var/www/html/core/components/pdotools/vendor/fenom/fenom/src/Fenom/Template.php(487) : eval()'d code : 5) PHP warning: Undefined array key "preview_image"
[2023-10-03 18:16:22] (ERROR @ /var/www/html/core/components/pdotools/vendor/fenom/fenom/src/Fenom/Template.php(487) : eval()'d code : 5) PHP warning: Undefined array key "preview_image"
[2023-10-03 18:18:23] (ERROR @ /var/www/html/core/components/pdotools/vendor/fenom/fenom/src/Fenom/Template.php(487) : eval()'d code : 5) PHP warning: Undefined array key "preview_image"
[2023-10-03 18:18:23] (ERROR @ /var/www/html/core/components/pdotools/vendor/fenom/fenom/src/Fenom/Template.php(487) : eval()'d code : 5) PHP warning: Undefined array key "preview_image"
[2023-10-03 18:18:23] (ERROR @ /var/www/html/core/components/pdotools/vendor/fenom/fenom/src/Fenom/Template.php(487) : eval()'d code : 5) PHP warning: Undefined array key "preview_image"
[2023-10-03 18:18:23] (ERROR @ /var/www/html/core/components/pdotools/vendor/fenom/fenom/src/Fenom/Template.php(487) : eval()'d code : 5) PHP warning: Undefined array key "preview_image"
[2023-10-03 18:18:23] (ERROR @ /var/www/html/core/components/pdotools/vendor/fenom/fenom/src/Fenom/Template.php(487) : eval()'d code : 5) PHP warning: Undefined array key "preview_image"
[2023-10-03 18:18:36] (ERROR @ /var/www/html/core/components/pdotools/vendor/fenom/fenom/src/Fenom/Template.php(487) : eval()'d code : 5) PHP warning: Undefined array key "preview_image"
[2023-10-03 18:18:36] (ERROR @ /var/www/html/core/components/pdotools/vendor/fenom/fenom/src/Fenom/Template.php(487) : eval()'d code : 5) PHP warning: Undefined array key "preview_image"
[2023-10-03 18:18:36] (ERROR @ /var/www/html/core/components/pdotools/vendor/fenom/fenom/src/Fenom/Template.php(487) : eval()'d code : 5) PHP warning: Undefined array key "preview_image"
[2023-10-03 18:18:36] (ERROR @ /var/www/html/core/components/pdotools/vendor/fenom/fenom/src/Fenom/Template.php(487) : eval()'d code : 5) PHP warning: Undefined array key "preview_image"
[2023-10-03 18:18:36] (ERROR @ /var/www/html/core/components/pdotools/vendor/fenom/fenom/src/Fenom/Template.php(487) : eval()'d code : 5) PHP warning: Undefined array key "preview_image"
[2023-10-03 18:19:57] (ERROR @ /var/www/html/core/components/pdotools/vendor/fenom/fenom/src/Fenom/Template.php(487) : eval()'d code : 5) PHP warning: Undefined array key "preview_image"
[2023-10-03 18:19:57] (ERROR @ /var/www/html/core/components/pdotools/vendor/fenom/fenom/src/Fenom/Template.php(487) : eval()'d code : 5) PHP warning: Undefined array key "preview_image"
[2023-10-03 18:19:57] (ERROR @ /var/www/html/core/components/pdotools/vendor/fenom/fenom/src/Fenom/Template.php(487) : eval()'d code : 5) PHP warning: Undefined array key "preview_image"
[2023-10-03 18:19:57] (ERROR @ /var/www/html/core/components/pdotools/vendor/fenom/fenom/src/Fenom/Template.php(487) : eval()'d code : 5) PHP warning: Undefined array key "preview_image"
[2023-10-03 18:19:57] (ERROR @ /var/www/html/core/components/pdotools/vendor/fenom/fenom/src/Fenom/Template.php(487) : eval()'d code : 5) PHP warning: Undefined array key "preview_image"
[2023-10-03 18:21:49] (ERROR @ /var/www/html/core/components/pdotools/vendor/fenom/fenom/src/Fenom/Template.php(487) : eval()'d code : 5) PHP warning: Undefined array key "preview_image"
[2023-10-03 18:21:49] (ERROR @ /var/www/html/core/components/pdotools/vendor/fenom/fenom/src/Fenom/Template.php(487) : eval()'d code : 5) PHP warning: Undefined array key "preview_image"
[2023-10-03 18:21:49] (ERROR @ /var/www/html/core/components/pdotools/vendor/fenom/fenom/src/Fenom/Template.php(487) : eval()'d code : 5) PHP warning: Undefined array key "preview_image"
[2023-10-03 18:21:49] (ERROR @ /var/www/html/core/components/pdotools/vendor/fenom/fenom/src/Fenom/Template.php(487) : eval()'d code : 5) PHP warning: Undefined array key "preview_image"
[2023-10-03 18:21:49] (ERROR @ /var/www/html/core/components/pdotools/vendor/fenom/fenom/src/Fenom/Template.php(487) : eval()'d code : 5) PHP warning: Undefined array key "preview_image"
[2023-10-03 18:21:55] (ERROR @ /var/www/html/core/components/pdotools/vendor/fenom/fenom/src/Fenom/Template.php(487) : eval()'d code : 5) PHP warning: Undefined array key "preview_image"
[2023-10-03 18:21:55] (ERROR @ /var/www/html/core/components/pdotools/vendor/fenom/fenom/src/Fenom/Template.php(487) : eval()'d code : 5) PHP warning: Undefined array key "preview_image"
[2023-10-03 18:21:55] (ERROR @ /var/www/html/core/components/pdotools/vendor/fenom/fenom/src/Fenom/Template.php(487) : eval()'d code : 5) PHP warning: Undefined array key "preview_image"
[2023-10-03 18:21:55] (ERROR @ /var/www/html/core/components/pdotools/vendor/fenom/fenom/src/Fenom/Template.php(487) : eval()'d code : 5) PHP warning: Undefined array key "preview_image"
[2023-10-03 18:21:55] (ERROR @ /var/www/html/core/components/pdotools/vendor/fenom/fenom/src/Fenom/Template.php(487) : eval()'d code : 5) PHP warning: Undefined array key "preview_image"
[2023-10-03 18:22:36] (ERROR @ /var/www/html/core/components/pdotools/vendor/fenom/fenom/src/Fenom/Template.php(487) : eval()'d code : 5) PHP warning: Undefined array key "preview_image"
[2023-10-03 18:22:36] (ERROR @ /var/www/html/core/components/pdotools/vendor/fenom/fenom/src/Fenom/Template.php(487) : eval()'d code : 5) PHP warning: Undefined array key "preview_image"
[2023-10-03 18:22:36] (ERROR @ /var/www/html/core/components/pdotools/vendor/fenom/fenom/src/Fenom/Template.php(487) : eval()'d code : 5) PHP warning: Undefined array key "preview_image"
[2023-10-03 18:22:36] (ERROR @ /var/www/html/core/components/pdotools/vendor/fenom/fenom/src/Fenom/Template.php(487) : eval()'d code : 5) PHP warning: Undefined array key "preview_image"
[2023-10-03 18:22:36] (ERROR @ /var/www/html/core/components/pdotools/vendor/fenom/fenom/src/Fenom/Template.php(487) : eval()'d code : 5) PHP warning: Undefined array key "preview_image"
[2023-10-03 18:22:56] (ERROR @ /var/www/html/core/components/pdotools/vendor/fenom/fenom/src/Fenom/Template.php(487) : eval()'d code : 5) PHP warning: Undefined array key "preview_image"
[2023-10-03 18:22:56] (ERROR @ /var/www/html/core/components/pdotools/vendor/fenom/fenom/src/Fenom/Template.php(487) : eval()'d code : 5) PHP warning: Undefined array key "preview_image"
[2023-10-03 18:22:56] (ERROR @ /var/www/html/core/components/pdotools/vendor/fenom/fenom/src/Fenom/Template.php(487) : eval()'d code : 5) PHP warning: Undefined array key "preview_image"
[2023-10-03 18:22:56] (ERROR @ /var/www/html/core/components/pdotools/vendor/fenom/fenom/src/Fenom/Template.php(487) : eval()'d code : 5) PHP warning: Undefined array key "preview_image"
[2023-10-03 18:22:56] (ERROR @ /var/www/html/core/components/pdotools/vendor/fenom/fenom/src/Fenom/Template.php(487) : eval()'d code : 5) PHP warning: Undefined array key "preview_image"
[2023-10-03 18:23:04] (ERROR @ /var/www/html/core/vendor/xpdo/xpdo/src/xPDO/Cache/xPDOCacheManager.php : 319) PHP warning: mkdir(): File exists
[2023-10-03 18:23:04] (ERROR @ /var/www/html/core/vendor/xpdo/xpdo/src/xPDO/Cache/xPDOCacheManager.php : 324) PHP warning: mkdir(): File exists
[2023-10-03 18:23:10] (ERROR @ /var/www/html/core/components/pdotools/vendor/fenom/fenom/src/Fenom/Template.php(487) : eval()'d code : 5) PHP warning: Undefined array key "preview_image"
[2023-10-03 18:23:10] (ERROR @ /var/www/html/core/components/pdotools/vendor/fenom/fenom/src/Fenom/Template.php(487) : eval()'d code : 5) PHP warning: Undefined array key "preview_image"
[2023-10-03 18:23:10] (ERROR @ /var/www/html/core/components/pdotools/vendor/fenom/fenom/src/Fenom/Template.php(487) : eval()'d code : 5) PHP warning: Undefined array key "preview_image"
[2023-10-03 18:23:10] (ERROR @ /var/www/html/core/components/pdotools/vendor/fenom/fenom/src/Fenom/Template.php(487) : eval()'d code : 5) PHP warning: Undefined array key "preview_image"
[2023-10-03 18:23:10] (ERROR @ /var/www/html/core/components/pdotools/vendor/fenom/fenom/src/Fenom/Template.php(487) : eval()'d code : 5) PHP warning: Undefined array key "preview_image"
[2023-10-03 18:23:27] (ERROR @ /var/www/html/core/vendor/xpdo/xpdo/src/xPDO/Cache/xPDOCacheManager.php : 319) PHP warning: mkdir(): File exists
[2023-10-03 18:23:27] (ERROR @ /var/www/html/core/vendor/xpdo/xpdo/src/xPDO/Cache/xPDOCacheManager.php : 324) PHP warning: mkdir(): File exists
[2023-10-03 18:24:09] (ERROR @ /var/www/html/core/components/pdotools/vendor/fenom/fenom/src/Fenom/Template.php(487) : eval()'d code : 5) PHP warning: Undefined array key "preview_image"
[2023-10-03 18:24:09] (ERROR @ /var/www/html/core/components/pdotools/vendor/fenom/fenom/src/Fenom/Template.php(487) : eval()'d code : 5) PHP warning: Undefined array key "preview_image"
[2023-10-03 18:24:09] (ERROR @ /var/www/html/core/components/pdotools/vendor/fenom/fenom/src/Fenom/Template.php(487) : eval()'d code : 5) PHP warning: Undefined array key "preview_image"
[2023-10-03 18:24:09] (ERROR @ /var/www/html/core/components/pdotools/vendor/fenom/fenom/src/Fenom/Template.php(487) : eval()'d code : 5) PHP warning: Undefined array key "preview_image"
[2023-10-03 18:24:09] (ERROR @ /var/www/html/core/components/pdotools/vendor/fenom/fenom/src/Fenom/Template.php(487) : eval()'d code : 5) PHP warning: Undefined array key "preview_image"
[2023-10-03 18:24:14] (ERROR @ /var/www/html/core/components/pdotools/vendor/fenom/fenom/src/Fenom/Template.php(487) : eval()'d code : 5) PHP warning: Undefined array key "preview_image"
[2023-10-03 18:24:14] (ERROR @ /var/www/html/core/components/pdotools/vendor/fenom/fenom/src/Fenom/Template.php(487) : eval()'d code : 5) PHP warning: Undefined array key "preview_image"
[2023-10-03 18:24:14] (ERROR @ /var/www/html/core/components/pdotools/vendor/fenom/fenom/src/Fenom/Template.php(487) : eval()'d code : 5) PHP warning: Undefined array key "preview_image"
[2023-10-03 18:24:14] (ERROR @ /var/www/html/core/components/pdotools/vendor/fenom/fenom/src/Fenom/Template.php(487) : eval()'d code : 5) PHP warning: Undefined array key "preview_image"
[2023-10-03 18:24:14] (ERROR @ /var/www/html/core/components/pdotools/vendor/fenom/fenom/src/Fenom/Template.php(487) : eval()'d code : 5) PHP warning: Undefined array key "preview_image"
[2023-10-03 18:24:22] (ERROR @ /var/www/html/core/components/pdotools/vendor/fenom/fenom/src/Fenom/Template.php(487) : eval()'d code : 5) PHP warning: Undefined array key "preview_image"
[2023-10-03 18:24:22] (ERROR @ /var/www/html/core/components/pdotools/vendor/fenom/fenom/src/Fenom/Template.php(487) : eval()'d code : 5) PHP warning: Undefined array key "preview_image"
[2023-10-03 18:24:22] (ERROR @ /var/www/html/core/components/pdotools/vendor/fenom/fenom/src/Fenom/Template.php(487) : eval()'d code : 5) PHP warning: Undefined array key "preview_image"
[2023-10-03 18:24:22] (ERROR @ /var/www/html/core/components/pdotools/vendor/fenom/fenom/src/Fenom/Template.php(487) : eval()'d code : 5) PHP warning: Undefined array key "preview_image"
[2023-10-03 18:24:22] (ERROR @ /var/www/html/core/components/pdotools/vendor/fenom/fenom/src/Fenom/Template.php(487) : eval()'d code : 5) PHP warning: Undefined array key "preview_image"
[2023-10-03 18:24:24] (ERROR @ /var/www/html/core/components/pdotools/vendor/fenom/fenom/src/Fenom/Template.php(487) : eval()'d code : 5) PHP warning: Undefined array key "preview_image"
[2023-10-03 18:24:24] (ERROR @ /var/www/html/core/components/pdotools/vendor/fenom/fenom/src/Fenom/Template.php(487) : eval()'d code : 5) PHP warning: Undefined array key "preview_image"
[2023-10-03 18:24:24] (ERROR @ /var/www/html/core/components/pdotools/vendor/fenom/fenom/src/Fenom/Template.php(487) : eval()'d code : 5) PHP warning: Undefined array key "preview_image"
[2023-10-03 18:24:24] (ERROR @ /var/www/html/core/components/pdotools/vendor/fenom/fenom/src/Fenom/Template.php(487) : eval()'d code : 5) PHP warning: Undefined array key "preview_image"
[2023-10-03 18:24:24] (ERROR @ /var/www/html/core/components/pdotools/vendor/fenom/fenom/src/Fenom/Template.php(487) : eval()'d code : 5) PHP warning: Undefined array key "preview_image"
[2023-10-03 18:24:28] (ERROR @ /var/www/html/core/components/pdotools/vendor/fenom/fenom/src/Fenom/Template.php(487) : eval()'d code : 5) PHP warning: Undefined array key "preview_image"
[2023-10-03 18:24:28] (ERROR @ /var/www/html/core/components/pdotools/vendor/fenom/fenom/src/Fenom/Template.php(487) : eval()'d code : 5) PHP warning: Undefined array key "preview_image"
[2023-10-03 18:24:28] (ERROR @ /var/www/html/core/components/pdotools/vendor/fenom/fenom/src/Fenom/Template.php(487) : eval()'d code : 5) PHP warning: Undefined array key "preview_image"
[2023-10-03 18:24:28] (ERROR @ /var/www/html/core/components/pdotools/vendor/fenom/fenom/src/Fenom/Template.php(487) : eval()'d code : 5) PHP warning: Undefined array key "preview_image"
[2023-10-03 18:24:28] (ERROR @ /var/www/html/core/components/pdotools/vendor/fenom/fenom/src/Fenom/Template.php(487) : eval()'d code : 5) PHP warning: Undefined array key "preview_image"
[2023-10-03 18:30:23] (ERROR @ /var/www/html/core/components/pdotools/vendor/fenom/fenom/src/Fenom/Template.php(487) : eval()'d code : 5) PHP warning: Undefined array key "preview_image"
[2023-10-03 18:30:23] (ERROR @ /var/www/html/core/components/pdotools/vendor/fenom/fenom/src/Fenom/Template.php(487) : eval()'d code : 5) PHP warning: Undefined array key "preview_image"
[2023-10-03 18:30:23] (ERROR @ /var/www/html/core/components/pdotools/vendor/fenom/fenom/src/Fenom/Template.php(487) : eval()'d code : 5) PHP warning: Undefined array key "preview_image"
[2023-10-03 18:30:23] (ERROR @ /var/www/html/core/components/pdotools/vendor/fenom/fenom/src/Fenom/Template.php(487) : eval()'d code : 5) PHP warning: Undefined array key "preview_image"
[2023-10-03 18:30:23] (ERROR @ /var/www/html/core/components/pdotools/vendor/fenom/fenom/src/Fenom/Template.php(487) : eval()'d code : 5) PHP warning: Undefined array key "preview_image"
[2023-10-03 18:30:25] (ERROR @ /var/www/html/core/components/pdotools/vendor/fenom/fenom/src/Fenom/Template.php(487) : eval()'d code : 5) PHP warning: Undefined array key "preview_image"
[2023-10-03 18:30:25] (ERROR @ /var/www/html/core/components/pdotools/vendor/fenom/fenom/src/Fenom/Template.php(487) : eval()'d code : 5) PHP warning: Undefined array key "preview_image"
[2023-10-03 18:30:25] (ERROR @ /var/www/html/core/components/pdotools/vendor/fenom/fenom/src/Fenom/Template.php(487) : eval()'d code : 5) PHP warning: Undefined array key "preview_image"
[2023-10-03 18:30:25] (ERROR @ /var/www/html/core/components/pdotools/vendor/fenom/fenom/src/Fenom/Template.php(487) : eval()'d code : 5) PHP warning: Undefined array key "preview_image"
[2023-10-03 18:30:25] (ERROR @ /var/www/html/core/components/pdotools/vendor/fenom/fenom/src/Fenom/Template.php(487) : eval()'d code : 5) PHP warning: Undefined array key "preview_image"
[2023-10-03 18:30:26] (ERROR @ /var/www/html/core/components/pdotools/vendor/fenom/fenom/src/Fenom/Template.php(487) : eval()'d code : 5) PHP warning: Undefined array key "preview_image"
[2023-10-03 18:30:26] (ERROR @ /var/www/html/core/components/pdotools/vendor/fenom/fenom/src/Fenom/Template.php(487) : eval()'d code : 5) PHP warning: Undefined array key "preview_image"
[2023-10-03 18:30:26] (ERROR @ /var/www/html/core/components/pdotools/vendor/fenom/fenom/src/Fenom/Template.php(487) : eval()'d code : 5) PHP warning: Undefined array key "preview_image"
[2023-10-03 18:30:26] (ERROR @ /var/www/html/core/components/pdotools/vendor/fenom/fenom/src/Fenom/Template.php(487) : eval()'d code : 5) PHP warning: Undefined array key "preview_image"
[2023-10-03 18:30:26] (ERROR @ /var/www/html/core/components/pdotools/vendor/fenom/fenom/src/Fenom/Template.php(487) : eval()'d code : 5) PHP warning: Undefined array key "preview_image"
[2023-10-03 18:37:08] (ERROR @ /var/www/html/core/components/pdotools/vendor/fenom/fenom/src/Fenom/Template.php(487) : eval()'d code : 27) PHP warning: Undefined array key "publishedon"
[2023-10-03 18:37:37] (ERROR @ /var/www/html/core/components/pdotools/vendor/fenom/fenom/src/Fenom/Template.php(487) : eval()'d code : 27) PHP warning: Undefined array key "publishedon"
[2023-10-03 18:37:37] (ERROR @ /var/www/html/core/components/pdotools/vendor/fenom/fenom/src/Fenom/Template.php(487) : eval()'d code : 29) PHP warning: Undefined array key "publishedby"
[2023-10-03 18:39:02] (ERROR @ /var/www/html/core/components/pdotools/vendor/fenom/fenom/src/Fenom/Template.php(487) : eval()'d code : 27) PHP warning: Undefined array key "publishedon"
[2023-10-03 18:39:02] (ERROR @ /var/www/html/core/components/pdotools/vendor/fenom/fenom/src/Fenom/Template.php(487) : eval()'d code : 29) PHP warning: Undefined array key "publishedby"
[2023-10-03 18:40:03] (ERROR @ /var/www/html/core/components/pdotools/vendor/fenom/fenom/src/Fenom/Template.php(487) : eval()'d code : 28) PHP warning: Undefined array key "publishedon"
[2023-10-03 18:40:03] (ERROR @ /var/www/html/core/components/pdotools/vendor/fenom/fenom/src/Fenom/Template.php(487) : eval()'d code : 30) PHP warning: Undefined array key "publishedby"
[2023-10-03 18:45:47] (ERROR @ /var/www/html/core/components/pdotools/vendor/fenom/fenom/src/Fenom/Template.php(487) : eval()'d code : 28) PHP warning: Undefined array key "publishedon"
[2023-10-03 18:45:47] (ERROR @ /var/www/html/core/components/pdotools/vendor/fenom/fenom/src/Fenom/Template.php(487) : eval()'d code : 30) PHP warning: Undefined array key "publishedby"
